<?xml version="1.0" encoding="UTF-8"?>
<testng-results skipped="0" failed="0" ignored="0" total="63" passed="63">
  <reporter-output>
  </reporter-output>
  <suite name="Default suite" duration-ms="281" started-at="2017-12-04T07:25:26Z" finished-at="2017-12-04T07:25:26Z">
    <groups>
    </groups>
    <test name="Default test" duration-ms="281" started-at="2017-12-04T07:25:26Z" finished-at="2017-12-04T07:25:26Z">
      <class name="Tests.ValidateInputTest">
        <test-method status="PASS" signature="testAnalyse(java.lang.String, java.lang.String, java.lang.String)[pri:0, instance:Tests.ValidateInputTest@6ea12c19]" name="testAnalyse" duration-ms="78" started-at="2017-12-04T10:25:26Z" data-provider="WrongDataArray" finished-at="2017-12-04T10:25:26Z">
          <params>
            <param index="0">
              <value>
                <![CDATA[0]]>
              </value>
            </param>
            <param index="1">
              <value>
                <![CDATA[0]]>
              </value>
            </param>
            <param index="2">
              <value>
                <![CDATA[0]]>
              </value>
            </param>
          </params>
          <reporter-output>
          </reporter-output>
        </test-method> <!-- testAnalyse -->
        <test-method status="PASS" signature="testAnalyse(java.lang.String, java.lang.String, java.lang.String)[pri:0, instance:Tests.ValidateInputTest@6ea12c19]" name="testAnalyse" duration-ms="0" started-at="2017-12-04T10:25:26Z" data-provider="WrongDataArray" finished-at="2017-12-04T10:25:26Z">
          <params>
            <param index="0">
              <value>
                <![CDATA[0]]>
              </value>
            </param>
            <param index="1">
              <value>
                <![CDATA[0]]>
              </value>
            </param>
            <param index="2">
              <value>
                <![CDATA[-1]]>
              </value>
            </param>
          </params>
          <reporter-output>
          </reporter-output>
        </test-method> <!-- testAnalyse -->
        <test-method status="PASS" signature="testAnalyse(java.lang.String, java.lang.String, java.lang.String)[pri:0, instance:Tests.ValidateInputTest@6ea12c19]" name="testAnalyse" duration-ms="16" started-at="2017-12-04T10:25:26Z" data-provider="WrongDataArray" finished-at="2017-12-04T10:25:26Z">
          <params>
            <param index="0">
              <value>
                <![CDATA[0]]>
              </value>
            </param>
            <param index="1">
              <value>
                <![CDATA[-1]]>
              </value>
            </param>
            <param index="2">
              <value>
                <![CDATA[х]]>
              </value>
            </param>
          </params>
          <reporter-output>
          </reporter-output>
        </test-method> <!-- testAnalyse -->
        <test-method status="PASS" signature="testAnalyse(java.lang.String, java.lang.String, java.lang.String)[pri:0, instance:Tests.ValidateInputTest@6ea12c19]" name="testAnalyse" duration-ms="0" started-at="2017-12-04T10:25:26Z" data-provider="WrongDataArray" finished-at="2017-12-04T10:25:26Z">
          <params>
            <param index="0">
              <value>
                <![CDATA[0]]>
              </value>
            </param>
            <param index="1">
              <value>
                <![CDATA[0]]>
              </value>
            </param>
            <param index="2">
              <value>
                <![CDATA[1]]>
              </value>
            </param>
          </params>
          <reporter-output>
          </reporter-output>
        </test-method> <!-- testAnalyse -->
        <test-method status="PASS" signature="testAnalyse(java.lang.String, java.lang.String, java.lang.String)[pri:0, instance:Tests.ValidateInputTest@6ea12c19]" name="testAnalyse" duration-ms="0" started-at="2017-12-04T10:25:26Z" data-provider="WrongDataArray" finished-at="2017-12-04T10:25:26Z">
          <params>
            <param index="0">
              <value>
                <![CDATA[0]]>
              </value>
            </param>
            <param index="1">
              <value>
                <![CDATA[0]]>
              </value>
            </param>
            <param index="2">
              <value>
                <![CDATA[х]]>
              </value>
            </param>
          </params>
          <reporter-output>
          </reporter-output>
        </test-method> <!-- testAnalyse -->
        <test-method status="PASS" signature="testAnalyse(java.lang.String, java.lang.String, java.lang.String)[pri:0, instance:Tests.ValidateInputTest@6ea12c19]" name="testAnalyse" duration-ms="0" started-at="2017-12-04T10:25:26Z" data-provider="WrongDataArray" finished-at="2017-12-04T10:25:26Z">
          <params>
            <param index="0">
              <value>
                <![CDATA[0]]>
              </value>
            </param>
            <param index="1">
              <value>
                <![CDATA[-1]]>
              </value>
            </param>
            <param index="2">
              <value>
                <![CDATA[-1]]>
              </value>
            </param>
          </params>
          <reporter-output>
          </reporter-output>
        </test-method> <!-- testAnalyse -->
        <test-method status="PASS" signature="testAnalyse(java.lang.String, java.lang.String, java.lang.String)[pri:0, instance:Tests.ValidateInputTest@6ea12c19]" name="testAnalyse" duration-ms="0" started-at="2017-12-04T10:25:26Z" data-provider="WrongDataArray" finished-at="2017-12-04T10:25:26Z">
          <params>
            <param index="0">
              <value>
                <![CDATA[0]]>
              </value>
            </param>
            <param index="1">
              <value>
                <![CDATA[-1]]>
              </value>
            </param>
            <param index="2">
              <value>
                <![CDATA[0]]>
              </value>
            </param>
          </params>
          <reporter-output>
          </reporter-output>
        </test-method> <!-- testAnalyse -->
        <test-method status="PASS" signature="testAnalyse(java.lang.String, java.lang.String, java.lang.String)[pri:0, instance:Tests.ValidateInputTest@6ea12c19]" name="testAnalyse" duration-ms="1" started-at="2017-12-04T10:25:26Z" data-provider="WrongDataArray" finished-at="2017-12-04T10:25:26Z">
          <params>
            <param index="0">
              <value>
                <![CDATA[0]]>
              </value>
            </param>
            <param index="1">
              <value>
                <![CDATA[-1]]>
              </value>
            </param>
            <param index="2">
              <value>
                <![CDATA[1]]>
              </value>
            </param>
          </params>
          <reporter-output>
          </reporter-output>
        </test-method> <!-- testAnalyse -->
        <test-method status="PASS" signature="testAnalyse(java.lang.String, java.lang.String, java.lang.String)[pri:0, instance:Tests.ValidateInputTest@6ea12c19]" name="testAnalyse" duration-ms="0" started-at="2017-12-04T10:25:26Z" data-provider="WrongDataArray" finished-at="2017-12-04T10:25:26Z">
          <params>
            <param index="0">
              <value>
                <![CDATA[0]]>
              </value>
            </param>
            <param index="1">
              <value>
                <![CDATA[х]]>
              </value>
            </param>
            <param index="2">
              <value>
                <![CDATA[0]]>
              </value>
            </param>
          </params>
          <reporter-output>
          </reporter-output>
        </test-method> <!-- testAnalyse -->
        <test-method status="PASS" signature="testAnalyse(java.lang.String, java.lang.String, java.lang.String)[pri:0, instance:Tests.ValidateInputTest@6ea12c19]" name="testAnalyse" duration-ms="0" started-at="2017-12-04T10:25:26Z" data-provider="WrongDataArray" finished-at="2017-12-04T10:25:26Z">
          <params>
            <param index="0">
              <value>
                <![CDATA[0]]>
              </value>
            </param>
            <param index="1">
              <value>
                <![CDATA[х]]>
              </value>
            </param>
            <param index="2">
              <value>
                <![CDATA[-1]]>
              </value>
            </param>
          </params>
          <reporter-output>
          </reporter-output>
        </test-method> <!-- testAnalyse -->
        <test-method status="PASS" signature="testAnalyse(java.lang.String, java.lang.String, java.lang.String)[pri:0, instance:Tests.ValidateInputTest@6ea12c19]" name="testAnalyse" duration-ms="16" started-at="2017-12-04T10:25:26Z" data-provider="WrongDataArray" finished-at="2017-12-04T10:25:26Z">
          <params>
            <param index="0">
              <value>
                <![CDATA[0]]>
              </value>
            </param>
            <param index="1">
              <value>
                <![CDATA[1]]>
              </value>
            </param>
            <param index="2">
              <value>
                <![CDATA[х]]>
              </value>
            </param>
          </params>
          <reporter-output>
          </reporter-output>
        </test-method> <!-- testAnalyse -->
        <test-method status="PASS" signature="testAnalyse(java.lang.String, java.lang.String, java.lang.String)[pri:0, instance:Tests.ValidateInputTest@6ea12c19]" name="testAnalyse" duration-ms="0" started-at="2017-12-04T10:25:26Z" data-provider="WrongDataArray" finished-at="2017-12-04T10:25:26Z">
          <params>
            <param index="0">
              <value>
                <![CDATA[0]]>
              </value>
            </param>
            <param index="1">
              <value>
                <![CDATA[1]]>
              </value>
            </param>
            <param index="2">
              <value>
                <![CDATA[-1]]>
              </value>
            </param>
          </params>
          <reporter-output>
          </reporter-output>
        </test-method> <!-- testAnalyse -->
        <test-method status="PASS" signature="testAnalyse(java.lang.String, java.lang.String, java.lang.String)[pri:0, instance:Tests.ValidateInputTest@6ea12c19]" name="testAnalyse" duration-ms="0" started-at="2017-12-04T10:25:26Z" data-provider="WrongDataArray" finished-at="2017-12-04T10:25:26Z">
          <params>
            <param index="0">
              <value>
                <![CDATA[0]]>
              </value>
            </param>
            <param index="1">
              <value>
                <![CDATA[х]]>
              </value>
            </param>
            <param index="2">
              <value>
                <![CDATA[х]]>
              </value>
            </param>
          </params>
          <reporter-output>
          </reporter-output>
        </test-method> <!-- testAnalyse -->
        <test-method status="PASS" signature="testAnalyse(java.lang.String, java.lang.String, java.lang.String)[pri:0, instance:Tests.ValidateInputTest@6ea12c19]" name="testAnalyse" duration-ms="0" started-at="2017-12-04T10:25:26Z" data-provider="WrongDataArray" finished-at="2017-12-04T10:25:26Z">
          <params>
            <param index="0">
              <value>
                <![CDATA[0]]>
              </value>
            </param>
            <param index="1">
              <value>
                <![CDATA[х]]>
              </value>
            </param>
            <param index="2">
              <value>
                <![CDATA[1]]>
              </value>
            </param>
          </params>
          <reporter-output>
          </reporter-output>
        </test-method> <!-- testAnalyse -->
        <test-method status="PASS" signature="testAnalyse(java.lang.String, java.lang.String, java.lang.String)[pri:0, instance:Tests.ValidateInputTest@6ea12c19]" name="testAnalyse" duration-ms="0" started-at="2017-12-04T10:25:26Z" data-provider="WrongDataArray" finished-at="2017-12-04T10:25:26Z">
          <params>
            <param index="0">
              <value>
                <![CDATA[0]]>
              </value>
            </param>
            <param index="1">
              <value>
                <![CDATA[1]]>
              </value>
            </param>
            <param index="2">
              <value>
                <![CDATA[0]]>
              </value>
            </param>
          </params>
          <reporter-output>
          </reporter-output>
        </test-method> <!-- testAnalyse -->
        <test-method status="PASS" signature="testAnalyse(java.lang.String, java.lang.String, java.lang.String)[pri:0, instance:Tests.ValidateInputTest@6ea12c19]" name="testAnalyse" duration-ms="0" started-at="2017-12-04T10:25:26Z" data-provider="WrongDataArray" finished-at="2017-12-04T10:25:26Z">
          <params>
            <param index="0">
              <value>
                <![CDATA[-1]]>
              </value>
            </param>
            <param index="1">
              <value>
                <![CDATA[0]]>
              </value>
            </param>
            <param index="2">
              <value>
                <![CDATA[0]]>
              </value>
            </param>
          </params>
          <reporter-output>
          </reporter-output>
        </test-method> <!-- testAnalyse -->
        <test-method status="PASS" signature="testAnalyse(java.lang.String, java.lang.String, java.lang.String)[pri:0, instance:Tests.ValidateInputTest@6ea12c19]" name="testAnalyse" duration-ms="0" started-at="2017-12-04T10:25:26Z" data-provider="WrongDataArray" finished-at="2017-12-04T10:25:26Z">
          <params>
            <param index="0">
              <value>
                <![CDATA[0]]>
              </value>
            </param>
            <param index="1">
              <value>
                <![CDATA[1]]>
              </value>
            </param>
            <param index="2">
              <value>
                <![CDATA[1]]>
              </value>
            </param>
          </params>
          <reporter-output>
          </reporter-output>
        </test-method> <!-- testAnalyse -->
        <test-method status="PASS" signature="testAnalyse(java.lang.String, java.lang.String, java.lang.String)[pri:0, instance:Tests.ValidateInputTest@6ea12c19]" name="testAnalyse" duration-ms="0" started-at="2017-12-04T10:25:26Z" data-provider="WrongDataArray" finished-at="2017-12-04T10:25:26Z">
          <params>
            <param index="0">
              <value>
                <![CDATA[-1]]>
              </value>
            </param>
            <param index="1">
              <value>
                <![CDATA[0]]>
              </value>
            </param>
            <param index="2">
              <value>
                <![CDATA[х]]>
              </value>
            </param>
          </params>
          <reporter-output>
          </reporter-output>
        </test-method> <!-- testAnalyse -->
        <test-method status="PASS" signature="testAnalyse(java.lang.String, java.lang.String, java.lang.String)[pri:0, instance:Tests.ValidateInputTest@6ea12c19]" name="testAnalyse" duration-ms="0" started-at="2017-12-04T10:25:26Z" data-provider="WrongDataArray" finished-at="2017-12-04T10:25:26Z">
          <params>
            <param index="0">
              <value>
                <![CDATA[-1]]>
              </value>
            </param>
            <param index="1">
              <value>
                <![CDATA[0]]>
              </value>
            </param>
            <param index="2">
              <value>
                <![CDATA[-1]]>
              </value>
            </param>
          </params>
          <reporter-output>
          </reporter-output>
        </test-method> <!-- testAnalyse -->
        <test-method status="PASS" signature="testAnalyse(java.lang.String, java.lang.String, java.lang.String)[pri:0, instance:Tests.ValidateInputTest@6ea12c19]" name="testAnalyse" duration-ms="0" started-at="2017-12-04T10:25:26Z" data-provider="WrongDataArray" finished-at="2017-12-04T10:25:26Z">
          <params>
            <param index="0">
              <value>
                <![CDATA[-1]]>
              </value>
            </param>
            <param index="1">
              <value>
                <![CDATA[-1]]>
              </value>
            </param>
            <param index="2">
              <value>
                <![CDATA[0]]>
              </value>
            </param>
          </params>
          <reporter-output>
          </reporter-output>
        </test-method> <!-- testAnalyse -->
        <test-method status="PASS" signature="testAnalyse(java.lang.String, java.lang.String, java.lang.String)[pri:0, instance:Tests.ValidateInputTest@6ea12c19]" name="testAnalyse" duration-ms="0" started-at="2017-12-04T10:25:26Z" data-provider="WrongDataArray" finished-at="2017-12-04T10:25:26Z">
          <params>
            <param index="0">
              <value>
                <![CDATA[-1]]>
              </value>
            </param>
            <param index="1">
              <value>
                <![CDATA[0]]>
              </value>
            </param>
            <param index="2">
              <value>
                <![CDATA[1]]>
              </value>
            </param>
          </params>
          <reporter-output>
          </reporter-output>
        </test-method> <!-- testAnalyse -->
        <test-method status="PASS" signature="testAnalyse(java.lang.String, java.lang.String, java.lang.String)[pri:0, instance:Tests.ValidateInputTest@6ea12c19]" name="testAnalyse" duration-ms="0" started-at="2017-12-04T10:25:26Z" data-provider="WrongDataArray" finished-at="2017-12-04T10:25:26Z">
          <params>
            <param index="0">
              <value>
                <![CDATA[-1]]>
              </value>
            </param>
            <param index="1">
              <value>
                <![CDATA[х]]>
              </value>
            </param>
            <param index="2">
              <value>
                <![CDATA[0]]>
              </value>
            </param>
          </params>
          <reporter-output>
          </reporter-output>
        </test-method> <!-- testAnalyse -->
        <test-method status="PASS" signature="testAnalyse(java.lang.String, java.lang.String, java.lang.String)[pri:0, instance:Tests.ValidateInputTest@6ea12c19]" name="testAnalyse" duration-ms="0" started-at="2017-12-04T10:25:26Z" data-provider="WrongDataArray" finished-at="2017-12-04T10:25:26Z">
          <params>
            <param index="0">
              <value>
                <![CDATA[-1]]>
              </value>
            </param>
            <param index="1">
              <value>
                <![CDATA[х]]>
              </value>
            </param>
            <param index="2">
              <value>
                <![CDATA[-1]]>
              </value>
            </param>
          </params>
          <reporter-output>
          </reporter-output>
        </test-method> <!-- testAnalyse -->
        <test-method status="PASS" signature="testAnalyse(java.lang.String, java.lang.String, java.lang.String)[pri:0, instance:Tests.ValidateInputTest@6ea12c19]" name="testAnalyse" duration-ms="0" started-at="2017-12-04T10:25:26Z" data-provider="WrongDataArray" finished-at="2017-12-04T10:25:26Z">
          <params>
            <param index="0">
              <value>
                <![CDATA[-1]]>
              </value>
            </param>
            <param index="1">
              <value>
                <![CDATA[-1]]>
              </value>
            </param>
            <param index="2">
              <value>
                <![CDATA[1]]>
              </value>
            </param>
          </params>
          <reporter-output>
          </reporter-output>
        </test-method> <!-- testAnalyse -->
        <test-method status="PASS" signature="testAnalyse(java.lang.String, java.lang.String, java.lang.String)[pri:0, instance:Tests.ValidateInputTest@6ea12c19]" name="testAnalyse" duration-ms="0" started-at="2017-12-04T10:25:26Z" data-provider="WrongDataArray" finished-at="2017-12-04T10:25:26Z">
          <params>
            <param index="0">
              <value>
                <![CDATA[-1]]>
              </value>
            </param>
            <param index="1">
              <value>
                <![CDATA[-1]]>
              </value>
            </param>
            <param index="2">
              <value>
                <![CDATA[х]]>
              </value>
            </param>
          </params>
          <reporter-output>
          </reporter-output>
        </test-method> <!-- testAnalyse -->
        <test-method status="PASS" signature="testAnalyse(java.lang.String, java.lang.String, java.lang.String)[pri:0, instance:Tests.ValidateInputTest@6ea12c19]" name="testAnalyse" duration-ms="0" started-at="2017-12-04T10:25:26Z" data-provider="WrongDataArray" finished-at="2017-12-04T10:25:26Z">
          <params>
            <param index="0">
              <value>
                <![CDATA[-1]]>
              </value>
            </param>
            <param index="1">
              <value>
                <![CDATA[-1]]>
              </value>
            </param>
            <param index="2">
              <value>
                <![CDATA[-1]]>
              </value>
            </param>
          </params>
          <reporter-output>
          </reporter-output>
        </test-method> <!-- testAnalyse -->
        <test-method status="PASS" signature="testAnalyse(java.lang.String, java.lang.String, java.lang.String)[pri:0, instance:Tests.ValidateInputTest@6ea12c19]" name="testAnalyse" duration-ms="0" started-at="2017-12-04T10:25:26Z" data-provider="WrongDataArray" finished-at="2017-12-04T10:25:26Z">
          <params>
            <param index="0">
              <value>
                <![CDATA[-1]]>
              </value>
            </param>
            <param index="1">
              <value>
                <![CDATA[х]]>
              </value>
            </param>
            <param index="2">
              <value>
                <![CDATA[1]]>
              </value>
            </param>
          </params>
          <reporter-output>
          </reporter-output>
        </test-method> <!-- testAnalyse -->
        <test-method status="PASS" signature="testAnalyse(java.lang.String, java.lang.String, java.lang.String)[pri:0, instance:Tests.ValidateInputTest@6ea12c19]" name="testAnalyse" duration-ms="18" started-at="2017-12-04T10:25:26Z" data-provider="WrongDataArray" finished-at="2017-12-04T10:25:26Z">
          <params>
            <param index="0">
              <value>
                <![CDATA[-1]]>
              </value>
            </param>
            <param index="1">
              <value>
                <![CDATA[1]]>
              </value>
            </param>
            <param index="2">
              <value>
                <![CDATA[0]]>
              </value>
            </param>
          </params>
          <reporter-output>
          </reporter-output>
        </test-method> <!-- testAnalyse -->
        <test-method status="PASS" signature="testAnalyse(java.lang.String, java.lang.String, java.lang.String)[pri:0, instance:Tests.ValidateInputTest@6ea12c19]" name="testAnalyse" duration-ms="0" started-at="2017-12-04T10:25:26Z" data-provider="WrongDataArray" finished-at="2017-12-04T10:25:26Z">
          <params>
            <param index="0">
              <value>
                <![CDATA[-1]]>
              </value>
            </param>
            <param index="1">
              <value>
                <![CDATA[х]]>
              </value>
            </param>
            <param index="2">
              <value>
                <![CDATA[х]]>
              </value>
            </param>
          </params>
          <reporter-output>
          </reporter-output>
        </test-method> <!-- testAnalyse -->
        <test-method status="PASS" signature="testAnalyse(java.lang.String, java.lang.String, java.lang.String)[pri:0, instance:Tests.ValidateInputTest@6ea12c19]" name="testAnalyse" duration-ms="2" started-at="2017-12-04T10:25:26Z" data-provider="WrongDataArray" finished-at="2017-12-04T10:25:26Z">
          <params>
            <param index="0">
              <value>
                <![CDATA[-1]]>
              </value>
            </param>
            <param index="1">
              <value>
                <![CDATA[1]]>
              </value>
            </param>
            <param index="2">
              <value>
                <![CDATA[-1]]>
              </value>
            </param>
          </params>
          <reporter-output>
          </reporter-output>
        </test-method> <!-- testAnalyse -->
        <test-method status="PASS" signature="testAnalyse(java.lang.String, java.lang.String, java.lang.String)[pri:0, instance:Tests.ValidateInputTest@6ea12c19]" name="testAnalyse" duration-ms="1" started-at="2017-12-04T10:25:26Z" data-provider="WrongDataArray" finished-at="2017-12-04T10:25:26Z">
          <params>
            <param index="0">
              <value>
                <![CDATA[-1]]>
              </value>
            </param>
            <param index="1">
              <value>
                <![CDATA[1]]>
              </value>
            </param>
            <param index="2">
              <value>
                <![CDATA[х]]>
              </value>
            </param>
          </params>
          <reporter-output>
          </reporter-output>
        </test-method> <!-- testAnalyse -->
        <test-method status="PASS" signature="testAnalyse(java.lang.String, java.lang.String, java.lang.String)[pri:0, instance:Tests.ValidateInputTest@6ea12c19]" name="testAnalyse" duration-ms="1" started-at="2017-12-04T10:25:26Z" data-provider="WrongDataArray" finished-at="2017-12-04T10:25:26Z">
          <params>
            <param index="0">
              <value>
                <![CDATA[-1]]>
              </value>
            </param>
            <param index="1">
              <value>
                <![CDATA[1]]>
              </value>
            </param>
            <param index="2">
              <value>
                <![CDATA[1]]>
              </value>
            </param>
          </params>
          <reporter-output>
          </reporter-output>
        </test-method> <!-- testAnalyse -->
        <test-method status="PASS" signature="testAnalyse(java.lang.String, java.lang.String, java.lang.String)[pri:0, instance:Tests.ValidateInputTest@6ea12c19]" name="testAnalyse" duration-ms="12" started-at="2017-12-04T10:25:26Z" data-provider="WrongDataArray" finished-at="2017-12-04T10:25:26Z">
          <params>
            <param index="0">
              <value>
                <![CDATA[х]]>
              </value>
            </param>
            <param index="1">
              <value>
                <![CDATA[0]]>
              </value>
            </param>
            <param index="2">
              <value>
                <![CDATA[0]]>
              </value>
            </param>
          </params>
          <reporter-output>
          </reporter-output>
        </test-method> <!-- testAnalyse -->
        <test-method status="PASS" signature="testAnalyse(java.lang.String, java.lang.String, java.lang.String)[pri:0, instance:Tests.ValidateInputTest@6ea12c19]" name="testAnalyse" duration-ms="2" started-at="2017-12-04T10:25:26Z" data-provider="WrongDataArray" finished-at="2017-12-04T10:25:26Z">
          <params>
            <param index="0">
              <value>
                <![CDATA[х]]>
              </value>
            </param>
            <param index="1">
              <value>
                <![CDATA[0]]>
              </value>
            </param>
            <param index="2">
              <value>
                <![CDATA[-1]]>
              </value>
            </param>
          </params>
          <reporter-output>
          </reporter-output>
        </test-method> <!-- testAnalyse -->
        <test-method status="PASS" signature="testAnalyse(java.lang.String, java.lang.String, java.lang.String)[pri:0, instance:Tests.ValidateInputTest@6ea12c19]" name="testAnalyse" duration-ms="1" started-at="2017-12-04T10:25:26Z" data-provider="WrongDataArray" finished-at="2017-12-04T10:25:26Z">
          <params>
            <param index="0">
              <value>
                <![CDATA[х]]>
              </value>
            </param>
            <param index="1">
              <value>
                <![CDATA[0]]>
              </value>
            </param>
            <param index="2">
              <value>
                <![CDATA[х]]>
              </value>
            </param>
          </params>
          <reporter-output>
          </reporter-output>
        </test-method> <!-- testAnalyse -->
        <test-method status="PASS" signature="testAnalyse(java.lang.String, java.lang.String, java.lang.String)[pri:0, instance:Tests.ValidateInputTest@6ea12c19]" name="testAnalyse" duration-ms="1" started-at="2017-12-04T10:25:26Z" data-provider="WrongDataArray" finished-at="2017-12-04T10:25:26Z">
          <params>
            <param index="0">
              <value>
                <![CDATA[х]]>
              </value>
            </param>
            <param index="1">
              <value>
                <![CDATA[0]]>
              </value>
            </param>
            <param index="2">
              <value>
                <![CDATA[1]]>
              </value>
            </param>
          </params>
          <reporter-output>
          </reporter-output>
        </test-method> <!-- testAnalyse -->
        <test-method status="PASS" signature="testAnalyse(java.lang.String, java.lang.String, java.lang.String)[pri:0, instance:Tests.ValidateInputTest@6ea12c19]" name="testAnalyse" duration-ms="0" started-at="2017-12-04T10:25:26Z" data-provider="WrongDataArray" finished-at="2017-12-04T10:25:26Z">
          <params>
            <param index="0">
              <value>
                <![CDATA[х]]>
              </value>
            </param>
            <param index="1">
              <value>
                <![CDATA[-1]]>
              </value>
            </param>
            <param index="2">
              <value>
                <![CDATA[0]]>
              </value>
            </param>
          </params>
          <reporter-output>
          </reporter-output>
        </test-method> <!-- testAnalyse -->
        <test-method status="PASS" signature="testAnalyse(java.lang.String, java.lang.String, java.lang.String)[pri:0, instance:Tests.ValidateInputTest@6ea12c19]" name="testAnalyse" duration-ms="1" started-at="2017-12-04T10:25:26Z" data-provider="WrongDataArray" finished-at="2017-12-04T10:25:26Z">
          <params>
            <param index="0">
              <value>
                <![CDATA[х]]>
              </value>
            </param>
            <param index="1">
              <value>
                <![CDATA[-1]]>
              </value>
            </param>
            <param index="2">
              <value>
                <![CDATA[-1]]>
              </value>
            </param>
          </params>
          <reporter-output>
          </reporter-output>
        </test-method> <!-- testAnalyse -->
        <test-method status="PASS" signature="testAnalyse(java.lang.String, java.lang.String, java.lang.String)[pri:0, instance:Tests.ValidateInputTest@6ea12c19]" name="testAnalyse" duration-ms="2" started-at="2017-12-04T10:25:26Z" data-provider="WrongDataArray" finished-at="2017-12-04T10:25:26Z">
          <params>
            <param index="0">
              <value>
                <![CDATA[х]]>
              </value>
            </param>
            <param index="1">
              <value>
                <![CDATA[-1]]>
              </value>
            </param>
            <param index="2">
              <value>
                <![CDATA[х]]>
              </value>
            </param>
          </params>
          <reporter-output>
          </reporter-output>
        </test-method> <!-- testAnalyse -->
        <test-method status="PASS" signature="testAnalyse(java.lang.String, java.lang.String, java.lang.String)[pri:0, instance:Tests.ValidateInputTest@6ea12c19]" name="testAnalyse" duration-ms="0" started-at="2017-12-04T10:25:26Z" data-provider="WrongDataArray" finished-at="2017-12-04T10:25:26Z">
          <params>
            <param index="0">
              <value>
                <![CDATA[х]]>
              </value>
            </param>
            <param index="1">
              <value>
                <![CDATA[-1]]>
              </value>
            </param>
            <param index="2">
              <value>
                <![CDATA[1]]>
              </value>
            </param>
          </params>
          <reporter-output>
          </reporter-output>
        </test-method> <!-- testAnalyse -->
        <test-method status="PASS" signature="testAnalyse(java.lang.String, java.lang.String, java.lang.String)[pri:0, instance:Tests.ValidateInputTest@6ea12c19]" name="testAnalyse" duration-ms="1" started-at="2017-12-04T10:25:26Z" data-provider="WrongDataArray" finished-at="2017-12-04T10:25:26Z">
          <params>
            <param index="0">
              <value>
                <![CDATA[х]]>
              </value>
            </param>
            <param index="1">
              <value>
                <![CDATA[х]]>
              </value>
            </param>
            <param index="2">
              <value>
                <![CDATA[0]]>
              </value>
            </param>
          </params>
          <reporter-output>
          </reporter-output>
        </test-method> <!-- testAnalyse -->
        <test-method status="PASS" signature="testAnalyse(java.lang.String, java.lang.String, java.lang.String)[pri:0, instance:Tests.ValidateInputTest@6ea12c19]" name="testAnalyse" duration-ms="1" started-at="2017-12-04T10:25:26Z" data-provider="WrongDataArray" finished-at="2017-12-04T10:25:26Z">
          <params>
            <param index="0">
              <value>
                <![CDATA[х]]>
              </value>
            </param>
            <param index="1">
              <value>
                <![CDATA[х]]>
              </value>
            </param>
            <param index="2">
              <value>
                <![CDATA[-1]]>
              </value>
            </param>
          </params>
          <reporter-output>
          </reporter-output>
        </test-method> <!-- testAnalyse -->
        <test-method status="PASS" signature="testAnalyse(java.lang.String, java.lang.String, java.lang.String)[pri:0, instance:Tests.ValidateInputTest@6ea12c19]" name="testAnalyse" duration-ms="1" started-at="2017-12-04T10:25:26Z" data-provider="WrongDataArray" finished-at="2017-12-04T10:25:26Z">
          <params>
            <param index="0">
              <value>
                <![CDATA[х]]>
              </value>
            </param>
            <param index="1">
              <value>
                <![CDATA[х]]>
              </value>
            </param>
            <param index="2">
              <value>
                <![CDATA[х]]>
              </value>
            </param>
          </params>
          <reporter-output>
          </reporter-output>
        </test-method> <!-- testAnalyse -->
        <test-method status="PASS" signature="testAnalyse(java.lang.String, java.lang.String, java.lang.String)[pri:0, instance:Tests.ValidateInputTest@6ea12c19]" name="testAnalyse" duration-ms="1" started-at="2017-12-04T10:25:26Z" data-provider="WrongDataArray" finished-at="2017-12-04T10:25:26Z">
          <params>
            <param index="0">
              <value>
                <![CDATA[х]]>
              </value>
            </param>
            <param index="1">
              <value>
                <![CDATA[х]]>
              </value>
            </param>
            <param index="2">
              <value>
                <![CDATA[1]]>
              </value>
            </param>
          </params>
          <reporter-output>
          </reporter-output>
        </test-method> <!-- testAnalyse -->
        <test-method status="PASS" signature="testAnalyse(java.lang.String, java.lang.String, java.lang.String)[pri:0, instance:Tests.ValidateInputTest@6ea12c19]" name="testAnalyse" duration-ms="1" started-at="2017-12-04T10:25:26Z" data-provider="WrongDataArray" finished-at="2017-12-04T10:25:26Z">
          <params>
            <param index="0">
              <value>
                <![CDATA[х]]>
              </value>
            </param>
            <param index="1">
              <value>
                <![CDATA[1]]>
              </value>
            </param>
            <param index="2">
              <value>
                <![CDATA[0]]>
              </value>
            </param>
          </params>
          <reporter-output>
          </reporter-output>
        </test-method> <!-- testAnalyse -->
        <test-method status="PASS" signature="testAnalyse(java.lang.String, java.lang.String, java.lang.String)[pri:0, instance:Tests.ValidateInputTest@6ea12c19]" name="testAnalyse" duration-ms="0" started-at="2017-12-04T10:25:26Z" data-provider="WrongDataArray" finished-at="2017-12-04T10:25:26Z">
          <params>
            <param index="0">
              <value>
                <![CDATA[х]]>
              </value>
            </param>
            <param index="1">
              <value>
                <![CDATA[1]]>
              </value>
            </param>
            <param index="2">
              <value>
                <![CDATA[-1]]>
              </value>
            </param>
          </params>
          <reporter-output>
          </reporter-output>
        </test-method> <!-- testAnalyse -->
        <test-method status="PASS" signature="testAnalyse(java.lang.String, java.lang.String, java.lang.String)[pri:0, instance:Tests.ValidateInputTest@6ea12c19]" name="testAnalyse" duration-ms="1" started-at="2017-12-04T10:25:26Z" data-provider="WrongDataArray" finished-at="2017-12-04T10:25:26Z">
          <params>
            <param index="0">
              <value>
                <![CDATA[х]]>
              </value>
            </param>
            <param index="1">
              <value>
                <![CDATA[1]]>
              </value>
            </param>
            <param index="2">
              <value>
                <![CDATA[х]]>
              </value>
            </param>
          </params>
          <reporter-output>
          </reporter-output>
        </test-method> <!-- testAnalyse -->
        <test-method status="PASS" signature="testAnalyse(java.lang.String, java.lang.String, java.lang.String)[pri:0, instance:Tests.ValidateInputTest@6ea12c19]" name="testAnalyse" duration-ms="0" started-at="2017-12-04T10:25:26Z" data-provider="WrongDataArray" finished-at="2017-12-04T10:25:26Z">
          <params>
            <param index="0">
              <value>
                <![CDATA[х]]>
              </value>
            </param>
            <param index="1">
              <value>
                <![CDATA[1]]>
              </value>
            </param>
            <param index="2">
              <value>
                <![CDATA[1]]>
              </value>
            </param>
          </params>
          <reporter-output>
          </reporter-output>
        </test-method> <!-- testAnalyse -->
        <test-method status="PASS" signature="testAnalyse(java.lang.String, java.lang.String, java.lang.String)[pri:0, instance:Tests.ValidateInputTest@6ea12c19]" name="testAnalyse" duration-ms="4" started-at="2017-12-04T10:25:26Z" data-provider="WrongDataArray" finished-at="2017-12-04T10:25:26Z">
          <params>
            <param index="0">
              <value>
                <![CDATA[1]]>
              </value>
            </param>
            <param index="1">
              <value>
                <![CDATA[0]]>
              </value>
            </param>
            <param index="2">
              <value>
                <![CDATA[0]]>
              </value>
            </param>
          </params>
          <reporter-output>
          </reporter-output>
        </test-method> <!-- testAnalyse -->
        <test-method status="PASS" signature="testAnalyse(java.lang.String, java.lang.String, java.lang.String)[pri:0, instance:Tests.ValidateInputTest@6ea12c19]" name="testAnalyse" duration-ms="0" started-at="2017-12-04T10:25:26Z" data-provider="WrongDataArray" finished-at="2017-12-04T10:25:26Z">
          <params>
            <param index="0">
              <value>
                <![CDATA[1]]>
              </value>
            </param>
            <param index="1">
              <value>
                <![CDATA[0]]>
              </value>
            </param>
            <param index="2">
              <value>
                <![CDATA[-1]]>
              </value>
            </param>
          </params>
          <reporter-output>
          </reporter-output>
        </test-method> <!-- testAnalyse -->
        <test-method status="PASS" signature="testAnalyse(java.lang.String, java.lang.String, java.lang.String)[pri:0, instance:Tests.ValidateInputTest@6ea12c19]" name="testAnalyse" duration-ms="5" started-at="2017-12-04T10:25:26Z" data-provider="WrongDataArray" finished-at="2017-12-04T10:25:26Z">
          <params>
            <param index="0">
              <value>
                <![CDATA[1]]>
              </value>
            </param>
            <param index="1">
              <value>
                <![CDATA[0]]>
              </value>
            </param>
            <param index="2">
              <value>
                <![CDATA[х]]>
              </value>
            </param>
          </params>
          <reporter-output>
          </reporter-output>
        </test-method> <!-- testAnalyse -->
        <test-method status="PASS" signature="testAnalyse(java.lang.String, java.lang.String, java.lang.String)[pri:0, instance:Tests.ValidateInputTest@6ea12c19]" name="testAnalyse" duration-ms="1" started-at="2017-12-04T10:25:26Z" data-provider="WrongDataArray" finished-at="2017-12-04T10:25:26Z">
          <params>
            <param index="0">
              <value>
                <![CDATA[1]]>
              </value>
            </param>
            <param index="1">
              <value>
                <![CDATA[0]]>
              </value>
            </param>
            <param index="2">
              <value>
                <![CDATA[1]]>
              </value>
            </param>
          </params>
          <reporter-output>
          </reporter-output>
        </test-method> <!-- testAnalyse -->
        <test-method status="PASS" signature="testAnalyse(java.lang.String, java.lang.String, java.lang.String)[pri:0, instance:Tests.ValidateInputTest@6ea12c19]" name="testAnalyse" duration-ms="0" started-at="2017-12-04T10:25:26Z" data-provider="WrongDataArray" finished-at="2017-12-04T10:25:26Z">
          <params>
            <param index="0">
              <value>
                <![CDATA[1]]>
              </value>
            </param>
            <param index="1">
              <value>
                <![CDATA[-1]]>
              </value>
            </param>
            <param index="2">
              <value>
                <![CDATA[0]]>
              </value>
            </param>
          </params>
          <reporter-output>
          </reporter-output>
        </test-method> <!-- testAnalyse -->
        <test-method status="PASS" signature="testAnalyse(java.lang.String, java.lang.String, java.lang.String)[pri:0, instance:Tests.ValidateInputTest@6ea12c19]" name="testAnalyse" duration-ms="0" started-at="2017-12-04T10:25:26Z" data-provider="WrongDataArray" finished-at="2017-12-04T10:25:26Z">
          <params>
            <param index="0">
              <value>
                <![CDATA[1]]>
              </value>
            </param>
            <param index="1">
              <value>
                <![CDATA[-1]]>
              </value>
            </param>
            <param index="2">
              <value>
                <![CDATA[х]]>
              </value>
            </param>
          </params>
          <reporter-output>
          </reporter-output>
        </test-method> <!-- testAnalyse -->
        <test-method status="PASS" signature="testAnalyse(java.lang.String, java.lang.String, java.lang.String)[pri:0, instance:Tests.ValidateInputTest@6ea12c19]" name="testAnalyse" duration-ms="0" started-at="2017-12-04T10:25:26Z" data-provider="WrongDataArray" finished-at="2017-12-04T10:25:26Z">
          <params>
            <param index="0">
              <value>
                <![CDATA[1]]>
              </value>
            </param>
            <param index="1">
              <value>
                <![CDATA[-1]]>
              </value>
            </param>
            <param index="2">
              <value>
                <![CDATA[-1]]>
              </value>
            </param>
          </params>
          <reporter-output>
          </reporter-output>
        </test-method> <!-- testAnalyse -->
        <test-method status="PASS" signature="testAnalyse(java.lang.String, java.lang.String, java.lang.String)[pri:0, instance:Tests.ValidateInputTest@6ea12c19]" name="testAnalyse" duration-ms="1" started-at="2017-12-04T10:25:26Z" data-provider="WrongDataArray" finished-at="2017-12-04T10:25:26Z">
          <params>
            <param index="0">
              <value>
                <![CDATA[1]]>
              </value>
            </param>
            <param index="1">
              <value>
                <![CDATA[-1]]>
              </value>
            </param>
            <param index="2">
              <value>
                <![CDATA[1]]>
              </value>
            </param>
          </params>
          <reporter-output>
          </reporter-output>
        </test-method> <!-- testAnalyse -->
        <test-method status="PASS" signature="testAnalyse(java.lang.String, java.lang.String, java.lang.String)[pri:0, instance:Tests.ValidateInputTest@6ea12c19]" name="testAnalyse" duration-ms="0" started-at="2017-12-04T10:25:26Z" data-provider="WrongDataArray" finished-at="2017-12-04T10:25:26Z">
          <params>
            <param index="0">
              <value>
                <![CDATA[1]]>
              </value>
            </param>
            <param index="1">
              <value>
                <![CDATA[х]]>
              </value>
            </param>
            <param index="2">
              <value>
                <![CDATA[0]]>
              </value>
            </param>
          </params>
          <reporter-output>
          </reporter-output>
        </test-method> <!-- testAnalyse -->
        <test-method status="PASS" signature="testAnalyse(java.lang.String, java.lang.String, java.lang.String)[pri:0, instance:Tests.ValidateInputTest@6ea12c19]" name="testAnalyse" duration-ms="0" started-at="2017-12-04T10:25:26Z" data-provider="WrongDataArray" finished-at="2017-12-04T10:25:26Z">
          <params>
            <param index="0">
              <value>
                <![CDATA[1]]>
              </value>
            </param>
            <param index="1">
              <value>
                <![CDATA[х]]>
              </value>
            </param>
            <param index="2">
              <value>
                <![CDATA[-1]]>
              </value>
            </param>
          </params>
          <reporter-output>
          </reporter-output>
        </test-method> <!-- testAnalyse -->
        <test-method status="PASS" signature="testAnalyse(java.lang.String, java.lang.String, java.lang.String)[pri:0, instance:Tests.ValidateInputTest@6ea12c19]" name="testAnalyse" duration-ms="0" started-at="2017-12-04T10:25:26Z" data-provider="WrongDataArray" finished-at="2017-12-04T10:25:26Z">
          <params>
            <param index="0">
              <value>
                <![CDATA[1]]>
              </value>
            </param>
            <param index="1">
              <value>
                <![CDATA[х]]>
              </value>
            </param>
            <param index="2">
              <value>
                <![CDATA[х]]>
              </value>
            </param>
          </params>
          <reporter-output>
          </reporter-output>
        </test-method> <!-- testAnalyse -->
        <test-method status="PASS" signature="testAnalyse(java.lang.String, java.lang.String, java.lang.String)[pri:0, instance:Tests.ValidateInputTest@6ea12c19]" name="testAnalyse" duration-ms="3" started-at="2017-12-04T10:25:26Z" data-provider="WrongDataArray" finished-at="2017-12-04T10:25:26Z">
          <params>
            <param index="0">
              <value>
                <![CDATA[1]]>
              </value>
            </param>
            <param index="1">
              <value>
                <![CDATA[х]]>
              </value>
            </param>
            <param index="2">
              <value>
                <![CDATA[1]]>
              </value>
            </param>
          </params>
          <reporter-output>
          </reporter-output>
        </test-method> <!-- testAnalyse -->
        <test-method status="PASS" signature="testAnalyse(java.lang.String, java.lang.String, java.lang.String)[pri:0, instance:Tests.ValidateInputTest@6ea12c19]" name="testAnalyse" duration-ms="2" started-at="2017-12-04T10:25:26Z" data-provider="WrongDataArray" finished-at="2017-12-04T10:25:26Z">
          <params>
            <param index="0">
              <value>
                <![CDATA[1]]>
              </value>
            </param>
            <param index="1">
              <value>
                <![CDATA[1]]>
              </value>
            </param>
            <param index="2">
              <value>
                <![CDATA[0]]>
              </value>
            </param>
          </params>
          <reporter-output>
          </reporter-output>
        </test-method> <!-- testAnalyse -->
        <test-method status="PASS" signature="testAnalyse(java.lang.String, java.lang.String, java.lang.String)[pri:0, instance:Tests.ValidateInputTest@6ea12c19]" name="testAnalyse" duration-ms="1" started-at="2017-12-04T10:25:26Z" data-provider="WrongDataArray" finished-at="2017-12-04T10:25:26Z">
          <params>
            <param index="0">
              <value>
                <![CDATA[1]]>
              </value>
            </param>
            <param index="1">
              <value>
                <![CDATA[1]]>
              </value>
            </param>
            <param index="2">
              <value>
                <![CDATA[-1]]>
              </value>
            </param>
          </params>
          <reporter-output>
          </reporter-output>
        </test-method> <!-- testAnalyse -->
        <test-method status="PASS" signature="testAnalyse(java.lang.String, java.lang.String, java.lang.String)[pri:0, instance:Tests.ValidateInputTest@6ea12c19]" name="testAnalyse" duration-ms="1" started-at="2017-12-04T10:25:26Z" data-provider="WrongDataArray" finished-at="2017-12-04T10:25:26Z">
          <params>
            <param index="0">
              <value>
                <![CDATA[1]]>
              </value>
            </param>
            <param index="1">
              <value>
                <![CDATA[1]]>
              </value>
            </param>
            <param index="2">
              <value>
                <![CDATA[х]]>
              </value>
            </param>
          </params>
          <reporter-output>
          </reporter-output>
        </test-method> <!-- testAnalyse -->
      </class> <!-- Tests.ValidateInputTest -->
    </test> <!-- Default test -->
  </suite> <!-- Default suite -->
</testng-results>
