<?xml version="1.0" encoding="UTF-8"?>
<!-- Generated by org.testng.reporters.JUnitXMLReporter -->
<testsuite hostname="DESKTOP-UVENGDO" ignored="0" name="Default test" tests="63" failures="0" timestamp="04 дек 2017 07:25:26 GMT" time="0.281" errors="0">
  <testcase name="testAnalyse" time="0.078" classname="Tests.ValidateInputTest"/>
  <testcase name="testAnalyse" time="0.0" classname="Tests.ValidateInputTest"/>
  <testcase name="testAnalyse" time="0.0" classname="Tests.ValidateInputTest"/>
  <testcase name="testAnalyse" time="0.0" classname="Tests.ValidateInputTest"/>
  <testcase name="testAnalyse" time="0.0" classname="Tests.ValidateInputTest"/>
  <testcase name="testAnalyse" time="0.0" classname="Tests.ValidateInputTest"/>
  <testcase name="testAnalyse" time="0.016" classname="Tests.ValidateInputTest"/>
  <testcase name="testAnalyse" time="0.001" classname="Tests.ValidateInputTest"/>
  <testcase name="testAnalyse" time="0.0" classname="Tests.ValidateInputTest"/>
  <testcase name="testAnalyse" time="0.0" classname="Tests.ValidateInputTest"/>
  <testcase name="testAnalyse" time="0.0" classname="Tests.ValidateInputTest"/>
  <testcase name="testAnalyse" time="0.0" classname="Tests.ValidateInputTest"/>
  <testcase name="testAnalyse" time="0.0" classname="Tests.ValidateInputTest"/>
  <testcase name="testAnalyse" time="0.0" classname="Tests.ValidateInputTest"/>
  <testcase name="testAnalyse" time="0.016" classname="Tests.ValidateInputTest"/>
  <testcase name="testAnalyse" time="0.0" classname="Tests.ValidateInputTest"/>
  <testcase name="testAnalyse" time="0.0" classname="Tests.ValidateInputTest"/>
  <testcase name="testAnalyse" time="0.0" classname="Tests.ValidateInputTest"/>
  <testcase name="testAnalyse" time="0.0" classname="Tests.ValidateInputTest"/>
  <testcase name="testAnalyse" time="0.0" classname="Tests.ValidateInputTest"/>
  <testcase name="testAnalyse" time="0.0" classname="Tests.ValidateInputTest"/>
  <testcase name="testAnalyse" time="0.0" classname="Tests.ValidateInputTest"/>
  <testcase name="testAnalyse" time="0.0" classname="Tests.ValidateInputTest"/>
  <testcase name="testAnalyse" time="0.0" classname="Tests.ValidateInputTest"/>
  <testcase name="testAnalyse" time="0.0" classname="Tests.ValidateInputTest"/>
  <testcase name="testAnalyse" time="0.0" classname="Tests.ValidateInputTest"/>
  <testcase name="testAnalyse" time="0.0" classname="Tests.ValidateInputTest"/>
  <testcase name="testAnalyse" time="0.0" classname="Tests.ValidateInputTest"/>
  <testcase name="testAnalyse" time="0.018" classname="Tests.ValidateInputTest"/>
  <testcase name="testAnalyse" time="0.002" classname="Tests.ValidateInputTest"/>
  <testcase name="testAnalyse" time="0.001" classname="Tests.ValidateInputTest"/>
  <testcase name="testAnalyse" time="0.001" classname="Tests.ValidateInputTest"/>
  <testcase name="testAnalyse" time="0.012" classname="Tests.ValidateInputTest"/>
  <testcase name="testAnalyse" time="0.002" classname="Tests.ValidateInputTest"/>
  <testcase name="testAnalyse" time="0.001" classname="Tests.ValidateInputTest"/>
  <testcase name="testAnalyse" time="0.001" classname="Tests.ValidateInputTest"/>
  <testcase name="testAnalyse" time="0.0" classname="Tests.ValidateInputTest"/>
  <testcase name="testAnalyse" time="0.001" classname="Tests.ValidateInputTest"/>
  <testcase name="testAnalyse" time="0.002" classname="Tests.ValidateInputTest"/>
  <testcase name="testAnalyse" time="0.0" classname="Tests.ValidateInputTest"/>
  <testcase name="testAnalyse" time="0.001" classname="Tests.ValidateInputTest"/>
  <testcase name="testAnalyse" time="0.001" classname="Tests.ValidateInputTest"/>
  <testcase name="testAnalyse" time="0.001" classname="Tests.ValidateInputTest"/>
  <testcase name="testAnalyse" time="0.001" classname="Tests.ValidateInputTest"/>
  <testcase name="testAnalyse" time="0.001" classname="Tests.ValidateInputTest"/>
  <testcase name="testAnalyse" time="0.0" classname="Tests.ValidateInputTest"/>
  <testcase name="testAnalyse" time="0.001" classname="Tests.ValidateInputTest"/>
  <testcase name="testAnalyse" time="0.0" classname="Tests.ValidateInputTest"/>
  <testcase name="testAnalyse" time="0.004" classname="Tests.ValidateInputTest"/>
  <testcase name="testAnalyse" time="0.0" classname="Tests.ValidateInputTest"/>
  <testcase name="testAnalyse" time="0.005" classname="Tests.ValidateInputTest"/>
  <testcase name="testAnalyse" time="0.001" classname="Tests.ValidateInputTest"/>
  <testcase name="testAnalyse" time="0.0" classname="Tests.ValidateInputTest"/>
  <testcase name="testAnalyse" time="0.0" classname="Tests.ValidateInputTest"/>
  <testcase name="testAnalyse" time="0.0" classname="Tests.ValidateInputTest"/>
  <testcase name="testAnalyse" time="0.001" classname="Tests.ValidateInputTest"/>
  <testcase name="testAnalyse" time="0.0" classname="Tests.ValidateInputTest"/>
  <testcase name="testAnalyse" time="0.0" classname="Tests.ValidateInputTest"/>
  <testcase name="testAnalyse" time="0.0" classname="Tests.ValidateInputTest"/>
  <testcase name="testAnalyse" time="0.003" classname="Tests.ValidateInputTest"/>
  <testcase name="testAnalyse" time="0.002" classname="Tests.ValidateInputTest"/>
  <testcase name="testAnalyse" time="0.001" classname="Tests.ValidateInputTest"/>
  <testcase name="testAnalyse" time="0.001" classname="Tests.ValidateInputTest"/>
</testsuite> <!-- Default test -->
